<?xml version="1.0" encoding="UTF-8"?>
<testng-results ignored="0" total="1" passed="1" failed="0" skipped="0">
  <reporter-output>
  </reporter-output>
  <suite started-at="2024-12-17T17:40:19 IST" name="Default suite" finished-at="2024-12-17T17:42:05 IST" duration-ms="105580">
    <groups>
    </groups>
    <test started-at="2024-12-17T17:40:19 IST" name="Default test" finished-at="2024-12-17T17:42:05 IST" duration-ms="105580">
      <class name="ValiantPet.AccountPage">
        <test-method is-config="true" signature="setup()[pri:0, instance:ValiantPet.AccountPage@489115ef]" started-at="2024-12-17T17:40:19 IST" name="setup" finished-at="2024-12-17T17:40:25 IST" duration-ms="6103" status="PASS">
          <reporter-output>
          </reporter-output>
        </test-method> <!-- setup -->
        <test-method signature="SigninTest()[pri:0, instance:ValiantPet.AccountPage@489115ef]" started-at="2024-12-17T17:40:25 IST" name="SigninTest" finished-at="2024-12-17T17:42:03 IST" duration-ms="98079" status="PASS">
          <reporter-output>
          </reporter-output>
        </test-method> <!-- SigninTest -->
        <test-method is-config="true" signature="teardown()[pri:0, instance:ValiantPet.AccountPage@489115ef]" started-at="2024-12-17T17:42:03 IST" name="teardown" finished-at="2024-12-17T17:42:05 IST" duration-ms="1335" status="PASS">
          <reporter-output>
          </reporter-output>
        </test-method> <!-- teardown -->
      </class> <!-- ValiantPet.AccountPage -->
    </test> <!-- Default test -->
  </suite> <!-- Default suite -->
</testng-results>
