<?xml version="1.0" encoding="UTF-8"?>
<testng-results ignored="0" total="1" passed="1" failed="0" skipped="0">
  <reporter-output>
  </reporter-output>
  <suite started-at="2024-12-19T11:33:45 IST" name="Default suite" finished-at="2024-12-19T11:34:09 IST" duration-ms="24095">
    <groups>
    </groups>
    <test started-at="2024-12-19T11:33:45 IST" name="Default test" finished-at="2024-12-19T11:34:09 IST" duration-ms="24095">
      <class name="ValiantPet.CampareList">
        <test-method is-config="true" signature="setup()[pri:0, instance:ValiantPet.CampareList@17bffc17]" started-at="2024-12-19T11:33:45 IST" name="setup" finished-at="2024-12-19T11:33:48 IST" duration-ms="2949" status="PASS">
          <reporter-output>
          </reporter-output>
        </test-method> <!-- setup -->
        <test-method signature="SigninTest()[pri:0, instance:ValiantPet.CampareList@17bffc17]" started-at="2024-12-19T11:33:48 IST" name="SigninTest" finished-at="2024-12-19T11:34:08 IST" duration-ms="20869" status="PASS">
          <reporter-output>
          </reporter-output>
        </test-method> <!-- SigninTest -->
        <test-method is-config="true" signature="teardown()[pri:0, instance:ValiantPet.CampareList@17bffc17]" started-at="2024-12-19T11:34:09 IST" name="teardown" finished-at="2024-12-19T11:34:09 IST" duration-ms="202" status="PASS">
          <reporter-output>
          </reporter-output>
        </test-method> <!-- teardown -->
      </class> <!-- ValiantPet.CampareList -->
    </test> <!-- Default test -->
  </suite> <!-- Default suite -->
</testng-results>
